# ===========================================================================
command: prodigy 6Y6C_BC.pdb --selection B C --temperature 25.0 --contact_list --pymol_selection
exit status: 0
log:
[!] Structure contains gaps:
	B ASN20 < Fragment 0 > B ASP137
	C GLU3 < Fragment 1 > C SER123
	C ASP139 < Fragment 2 > C LYS245

[+] Executing 1 task(s) in total
##########################################
[+] Processing structure 6Y6C_BC_model0
[+] No. of intermolecular contacts: 71
[+] No. of charged-charged contacts: 1.0
[+] No. of charged-polar contacts: 8.0
[+] No. of charged-apolar contacts: 15.0
[+] No. of polar-polar contacts: 1.0
[+] No. of apolar-polar contacts: 11.0
[+] No. of apolar-apolar contacts: 35.0
[+] Percentage of apolar NIS residues: 33.73
[+] Percentage of charged NIS residues: 20.88
[++] Predicted binding affinity (kcal.mol-1):    -10.7
[++] Predicted dissociation constant (M) at 25.0˚C:  1.5e-08
